Determining if the pthread_create exist failed with the following output:
Change Dir: /home/carlos/bebop_ws/build/bebop_driver/CMakeFiles/CMakeTmp

Run Build Command:"/usr/bin/make" "cmTC_e5763/fast"
/usr/bin/make -f CMakeFiles/cmTC_e5763.dir/build.make CMakeFiles/cmTC_e5763.dir/build
make[1]: se entra en el directorio '/home/carlos/bebop_ws/build/bebop_driver/CMakeFiles/CMakeTmp'
Building C object CMakeFiles/cmTC_e5763.dir/CheckSymbolExists.c.o
/usr/bin/cc     -o CMakeFiles/cmTC_e5763.dir/CheckSymbolExists.c.o   -c /home/carlos/bebop_ws/build/bebop_driver/CMakeFiles/CMakeTmp/CheckSymbolExists.c
Linking C executable cmTC_e5763
/usr/bin/cmake -E cmake_link_script CMakeFiles/cmTC_e5763.dir/link.txt --verbose=1
/usr/bin/cc       CMakeFiles/cmTC_e5763.dir/CheckSymbolExists.c.o  -o cmTC_e5763 -rdynamic 
CMakeFiles/cmTC_e5763.dir/CheckSymbolExists.c.o: En la función `main':
CheckSymbolExists.c:(.text+0x16): referencia a `pthread_create' sin definir
collect2: error: ld returned 1 exit status
CMakeFiles/cmTC_e5763.dir/build.make:97: fallo en las instrucciones para el objetivo 'cmTC_e5763'
make[1]: *** [cmTC_e5763] Error 1
make[1]: se sale del directorio '/home/carlos/bebop_ws/build/bebop_driver/CMakeFiles/CMakeTmp'
Makefile:126: fallo en las instrucciones para el objetivo 'cmTC_e5763/fast'
make: *** [cmTC_e5763/fast] Error 2

File /home/carlos/bebop_ws/build/bebop_driver/CMakeFiles/CMakeTmp/CheckSymbolExists.c:
/* */
#include <pthread.h>

int main(int argc, char** argv)
{
  (void)argv;
#ifndef pthread_create
  return ((int*)(&pthread_create))[argc];
#else
  (void)argc;
  return 0;
#endif
}

Determining if the function pthread_create exists in the pthreads failed with the following output:
Change Dir: /home/carlos/bebop_ws/build/bebop_driver/CMakeFiles/CMakeTmp

Run Build Command:"/usr/bin/make" "cmTC_17498/fast"
/usr/bin/make -f CMakeFiles/cmTC_17498.dir/build.make CMakeFiles/cmTC_17498.dir/build
make[1]: se entra en el directorio '/home/carlos/bebop_ws/build/bebop_driver/CMakeFiles/CMakeTmp'
Building C object CMakeFiles/cmTC_17498.dir/CheckFunctionExists.c.o
/usr/bin/cc    -DCHECK_FUNCTION_EXISTS=pthread_create   -o CMakeFiles/cmTC_17498.dir/CheckFunctionExists.c.o   -c /usr/share/cmake-3.5/Modules/CheckFunctionExists.c
Linking C executable cmTC_17498
/usr/bin/cmake -E cmake_link_script CMakeFiles/cmTC_17498.dir/link.txt --verbose=1
/usr/bin/cc   -DCHECK_FUNCTION_EXISTS=pthread_create    CMakeFiles/cmTC_17498.dir/CheckFunctionExists.c.o  -o cmTC_17498 -rdynamic -lpthreads 
/usr/bin/ld: no se puede encontrar -lpthreads
collect2: error: ld returned 1 exit status
CMakeFiles/cmTC_17498.dir/build.make:97: fallo en las instrucciones para el objetivo 'cmTC_17498'
make[1]: *** [cmTC_17498] Error 1
make[1]: se sale del directorio '/home/carlos/bebop_ws/build/bebop_driver/CMakeFiles/CMakeTmp'
Makefile:126: fallo en las instrucciones para el objetivo 'cmTC_17498/fast'
make: *** [cmTC_17498/fast] Error 2


